2016-11-26 16:41:00,403 [ModalContext] WARN  o.e.m.i.discovery.MavenDiscovery - CatalogItem org.eclipse.m2e.discovery.lifecyclemapping.m2e-egit does not contain lifecycle mapping metadata
2016-11-26 16:41:00,438 [ModalContext] WARN  o.e.m.i.discovery.MavenDiscovery - CatalogItem org.eclipse.m2e.discovery.lifecyclemapping.m2e-subversive does not contain lifecycle mapping metadata
2016-11-26 16:41:00,445 [ModalContext] WARN  o.e.m.i.discovery.MavenDiscovery - CatalogItem org.eclipse.m2e.discovery.lifecyclemapping.m2e-subclipse does not contain lifecycle mapping metadata
2016-11-26 16:42:16,155 [Worker-5] INFO  o.e.m.c.i.l.LifecycleMappingFactory - Using org.eclipse.m2e.jdt.JarLifecycleMapping lifecycle mapping for MavenProject: com.prakash:Notification:1.0-SNAPSHOT @ C:\NotificationProject\Notification\pom.xml.
2016-11-26 16:42:28,420 [Worker-9] INFO  o.e.m.c.i.l.LifecycleMappingFactory - Using org.eclipse.m2e.jdt.JarLifecycleMapping lifecycle mapping for MavenProject: com.prakash:Notification:1.0-SNAPSHOT @ C:\NotificationProject\Notification\pom.xml.
2016-11-26 16:42:28,478 [Worker-5] INFO  o.e.m.j.i.AbstractJavaProjectConfigurator - Adding source folder /Notification/src/main/java
2016-11-26 16:42:28,479 [Worker-5] INFO  o.e.m.j.i.AbstractJavaProjectConfigurator - Resources folder /Notification/src/main/resources overlaps with sources folder /Notification/src/main/resources
2016-11-26 16:42:28,497 [Worker-5] INFO  o.e.m.j.i.AbstractJavaProjectConfigurator - Resources folder /Notification/src/main/resources overlaps with sources folder /Notification/src/main/resources
2016-11-26 16:42:28,510 [Worker-5] INFO  o.e.m.j.i.AbstractJavaProjectConfigurator - Adding source folder /Notification/src/test/java
2016-11-26 16:42:30,180 [Worker-5] INFO  o.e.m.c.i.p.ProjectConfigurationManager - Project import completed 15 sec
2016-11-26 16:42:31,208 [Worker-2] INFO  o.e.m.c.i.p.ProjectConfigurationManager - Update started
2016-11-26 16:42:31,209 [Worker-2] INFO  o.e.m.c.i.p.ProjectConfigurationManager - Update completed: 0 sec
2016-11-26 16:42:34,115 [Worker-2] INFO  o.e.m.c.i.l.LifecycleMappingFactory - Using org.eclipse.m2e.jdt.JarLifecycleMapping lifecycle mapping for MavenProject: com.prakash:Notification:1.0-SNAPSHOT @ C:\NotificationProject\Notification\pom.xml.
2016-11-26 16:42:34,659 [Worker-2] INFO  o.e.m.c.i.embedder.EclipseLogger - Using 'UTF-8' encoding to copy filtered resources.
2016-11-26 16:42:34,662 [Worker-2] INFO  o.e.m.c.i.embedder.EclipseLogger - Copying 0 resource
2016-11-26 16:42:34,663 [Worker-2] INFO  o.e.m.c.i.embedder.EclipseLogger - Copying 2 resources
2016-11-26 16:42:34,710 [Worker-2] INFO  o.e.m.c.i.embedder.EclipseLogger - Using 'UTF-8' encoding to copy filtered resources.
2016-11-26 16:42:34,711 [Worker-2] INFO  o.e.m.c.i.embedder.EclipseLogger - skip non existing resourceDirectory C:\NotificationProject\Notification\src\test\resources
2016-11-26 16:48:11,191 [Worker-6] INFO  o.e.m.c.i.embedder.EclipseLogger - Using 'UTF-8' encoding to copy filtered resources.
2016-11-26 16:48:11,205 [Worker-6] INFO  o.e.m.c.i.embedder.EclipseLogger - Copying 0 resource
2016-11-26 16:48:11,206 [Worker-6] INFO  o.e.m.c.i.embedder.EclipseLogger - Copying 2 resources
2016-11-26 16:48:11,214 [Worker-6] INFO  o.e.m.c.i.embedder.EclipseLogger - Using 'UTF-8' encoding to copy filtered resources.
2016-11-26 16:48:11,214 [Worker-6] INFO  o.e.m.c.i.embedder.EclipseLogger - skip non existing resourceDirectory C:\NotificationProject\Notification\src\test\resources
2016-11-26 16:48:20,253 [Worker-7] INFO  o.e.m.c.i.embedder.EclipseLogger - Using 'UTF-8' encoding to copy filtered resources.
2016-11-26 16:48:20,260 [Worker-7] INFO  o.e.m.c.i.embedder.EclipseLogger - Copying 0 resource
2016-11-26 16:48:20,261 [Worker-7] INFO  o.e.m.c.i.embedder.EclipseLogger - Copying 0 resource
2016-11-26 16:48:20,264 [Worker-7] INFO  o.e.m.c.i.embedder.EclipseLogger - Using 'UTF-8' encoding to copy filtered resources.
2016-11-26 16:48:20,264 [Worker-7] INFO  o.e.m.c.i.embedder.EclipseLogger - skip non existing resourceDirectory C:\NotificationProject\Notification\src\test\resources
2016-11-26 16:55:21,191 [Worker-8] INFO  o.e.m.c.i.embedder.EclipseLogger - Using 'UTF-8' encoding to copy filtered resources.
2016-11-26 16:55:21,192 [Worker-8] INFO  o.e.m.c.i.embedder.EclipseLogger - Copying 0 resource
2016-11-26 16:55:21,192 [Worker-8] INFO  o.e.m.c.i.embedder.EclipseLogger - Copying 0 resource
2016-11-26 16:55:21,197 [Worker-8] INFO  o.e.m.c.i.embedder.EclipseLogger - Using 'UTF-8' encoding to copy filtered resources.
2016-11-26 16:55:21,197 [Worker-8] INFO  o.e.m.c.i.embedder.EclipseLogger - skip non existing resourceDirectory C:\NotificationProject\Notification\src\test\resources
2016-11-26 16:55:22,276 [Worker-9] INFO  o.e.m.c.i.embedder.EclipseLogger - Using 'UTF-8' encoding to copy filtered resources.
2016-11-26 16:55:22,291 [Worker-9] INFO  o.e.m.c.i.embedder.EclipseLogger - Copying 0 resource
2016-11-26 16:55:22,292 [Worker-9] INFO  o.e.m.c.i.embedder.EclipseLogger - Copying 2 resources
2016-11-26 16:55:22,294 [Worker-9] INFO  o.e.m.c.i.embedder.EclipseLogger - Using 'UTF-8' encoding to copy filtered resources.
2016-11-26 16:55:22,294 [Worker-9] INFO  o.e.m.c.i.embedder.EclipseLogger - skip non existing resourceDirectory C:\NotificationProject\Notification\src\test\resources
2016-11-26 17:01:52,072 [Worker-11] INFO  o.e.m.c.i.embedder.EclipseLogger - Using 'UTF-8' encoding to copy filtered resources.
2016-11-26 17:01:52,073 [Worker-11] INFO  o.e.m.c.i.embedder.EclipseLogger - Copying 0 resource
2016-11-26 17:01:52,074 [Worker-11] INFO  o.e.m.c.i.embedder.EclipseLogger - Copying 2 resources
2016-11-26 17:01:52,078 [Worker-11] INFO  o.e.m.c.i.embedder.EclipseLogger - Using 'UTF-8' encoding to copy filtered resources.
2016-11-26 17:01:52,084 [Worker-11] INFO  o.e.m.c.i.embedder.EclipseLogger - skip non existing resourceDirectory C:\NotificationProject\Notification\src\test\resources
2016-11-26 17:03:20,400 [Worker-13] INFO  o.e.m.c.i.embedder.EclipseLogger - Using 'UTF-8' encoding to copy filtered resources.
2016-11-26 17:03:20,407 [Worker-13] INFO  o.e.m.c.i.embedder.EclipseLogger - Copying 0 resource
2016-11-26 17:03:20,416 [Worker-13] INFO  o.e.m.c.i.embedder.EclipseLogger - Copying 0 resource
2016-11-26 17:03:20,426 [Worker-13] INFO  o.e.m.c.i.embedder.EclipseLogger - Using 'UTF-8' encoding to copy filtered resources.
2016-11-26 17:03:20,427 [Worker-13] INFO  o.e.m.c.i.embedder.EclipseLogger - skip non existing resourceDirectory C:\NotificationProject\Notification\src\test\resources
2016-11-26 17:03:21,511 [Worker-11] INFO  o.e.m.c.i.embedder.EclipseLogger - Using 'UTF-8' encoding to copy filtered resources.
2016-11-26 17:03:21,512 [Worker-11] INFO  o.e.m.c.i.embedder.EclipseLogger - Copying 0 resource
2016-11-26 17:03:21,517 [Worker-11] INFO  o.e.m.c.i.embedder.EclipseLogger - Copying 2 resources
2016-11-26 17:03:21,531 [Worker-11] INFO  o.e.m.c.i.embedder.EclipseLogger - Using 'UTF-8' encoding to copy filtered resources.
2016-11-26 17:03:21,537 [Worker-11] INFO  o.e.m.c.i.embedder.EclipseLogger - skip non existing resourceDirectory C:\NotificationProject\Notification\src\test\resources
